<?xml version="1.0" encoding="UTF-8"?>
<!-- Generated by org.testng.reporters.JUnitXMLReporter -->
<testsuite hostname="DESKTOP-Q4BPVH9" ignored="0" name="Inventory_Test" tests="9" failures="0" timestamp="15 Oct 2019 13:19:15 GMT" time="171.071" errors="0">
  <testcase name="excelCreation" time="0.036" classname="com.euscold.db_data_comparision_with_ui.Inventory_Inquiry_Multiple_Prods"/>
  <testcase name="Inv_Query" time="8.393" classname="com.euscold.db_data_comparision_with_ui.Inventory_Inquiry_Multiple_Prods"/>
  <testcase name="Inv_Query" time="6.952" classname="com.euscold.db_data_comparision_with_ui.Inventory_Inquiry_Multiple_Prods"/>
  <testcase name="Inv_Query" time="7.108" classname="com.euscold.db_data_comparision_with_ui.Inventory_Inquiry_Multiple_Prods"/>
  <testcase name="eUSCOLD_Login" time="30.012" classname="com.euscold.db_data_comparision_with_ui.Inventory_Inquiry_Multiple_Prods"/>
  <testcase name="Inventory" time="11.865" classname="com.euscold.db_data_comparision_with_ui.Inventory_Inquiry_Multiple_Prods"/>
  <testcase name="prod" time="33.857" classname="com.euscold.db_data_comparision_with_ui.Inventory_Inquiry_Multiple_Prods"/>
  <testcase name="prod" time="34.235" classname="com.euscold.db_data_comparision_with_ui.Inventory_Inquiry_Multiple_Prods"/>
  <testcase name="prod" time="33.783" classname="com.euscold.db_data_comparision_with_ui.Inventory_Inquiry_Multiple_Prods"/>
</testsuite> <!-- Inventory_Test -->
