<?xml version="1.0" encoding="UTF-8"?>
<!-- Generated by org.testng.reporters.JUnitXMLReporter -->
<testsuite hostname="DESKTOP-Q4BPVH9" ignored="0" name="Order_Test" tests="9" failures="0" timestamp="15 Oct 2019 13:21:49 GMT" time="153.622" errors="0">
  <testcase name="excelCreation" time="0.001" classname="com.euscold.db_data_comparision_with_ui.Order_Summary_Multiple_OrderNos"/>
  <testcase name="order_inq" time="2.393" classname="com.euscold.db_data_comparision_with_ui.Order_Summary_Multiple_OrderNos"/>
  <testcase name="order_inq" time="2.409" classname="com.euscold.db_data_comparision_with_ui.Order_Summary_Multiple_OrderNos"/>
  <testcase name="order_inq" time="2.409" classname="com.euscold.db_data_comparision_with_ui.Order_Summary_Multiple_OrderNos"/>
  <testcase name="eUSCOLD_Login" time="27.881" classname="com.euscold.db_data_comparision_with_ui.Order_Summary_Multiple_OrderNos"/>
  <testcase name="order_search" time="10.516" classname="com.euscold.db_data_comparision_with_ui.Order_Summary_Multiple_OrderNos"/>
  <testcase name="Ord_Summary" time="33.725" classname="com.euscold.db_data_comparision_with_ui.Order_Summary_Multiple_OrderNos"/>
  <testcase name="Ord_Summary" time="34.353" classname="com.euscold.db_data_comparision_with_ui.Order_Summary_Multiple_OrderNos"/>
  <testcase name="Ord_Summary" time="33.011" classname="com.euscold.db_data_comparision_with_ui.Order_Summary_Multiple_OrderNos"/>
</testsuite> <!-- Order_Test -->
