<?xml version="1.0" encoding="UTF-8"?>
<!-- Generated by org.testng.reporters.JUnitXMLReporter -->
<testsuite hostname="DESKTOP-Q4BPVH9" ignored="0" name="Inventory_Inquiry_Test" tests="9" failures="0" timestamp="15 Oct 2019 12:27:42 GMT" time="176.181" errors="0">
  <testcase name="@AfterTest logout" time="0.006" classname="com.euscold.db_data_comparision_with_ui.Inventory_Inquiry_Multiple_Prods">
    <failure type="org.openqa.selenium.NoSuchWindowException" message="no such window: target window already closed
from unknown error: web view not found
  (Session info: chrome=77.0.3865.120)
Build info: version: &amp;apos;3.141.59&amp;apos;, revision: &amp;apos;e82be7d358&amp;apos;, time: &amp;apos;2018-11-14T08:17:03&amp;apos;
System info: host: &amp;apos;DESKTOP-Q4BPVH9&amp;apos;, ip: &amp;apos;192.168.127.1&amp;apos;, os.name: &amp;apos;Windows 10&amp;apos;, os.arch: &amp;apos;amd64&amp;apos;, os.version: &amp;apos;10.0&amp;apos;, java.version: &amp;apos;1.8.0_181&amp;apos;
Driver info: org.openqa.selenium.chrome.ChromeDriver
Capabilities {acceptInsecureCerts: false, browserName: chrome, browserVersion: 77.0.3865.120, chrome: {chromedriverVersion: 77.0.3865.40 (f484704e052e0..., userDataDir: C:\Users\abdul\AppData\Loca...}, goog:chromeOptions: {debuggerAddress: localhost:53811}, javascriptEnabled: true, networkConnectionEnabled: false, pageLoadStrategy: normal, platform: XP, platformName: XP, proxy: Proxy(), setWindowRect: true, strictFileInteractability: false, timeouts: {implicit: 0, pageLoad: 300000, script: 30000}, unhandledPromptBehavior: dismiss and notify}
Session ID: f1d817960d2d761c48983e24cb5aff79
*** Element info: {Using=link text, value=Logout}">
      <![CDATA[org.openqa.selenium.NoSuchWindowException: no such window: target window already closed
from unknown error: web view not found
  (Session info: chrome=77.0.3865.120)
Build info: version: '3.141.59', revision: 'e82be7d358', time: '2018-11-14T08:17:03'
System info: host: 'DESKTOP-Q4BPVH9', ip: '192.168.127.1', os.name: 'Windows 10', os.arch: 'amd64', os.version: '10.0', java.version: '1.8.0_181'
Driver info: org.openqa.selenium.chrome.ChromeDriver
Capabilities {acceptInsecureCerts: false, browserName: chrome, browserVersion: 77.0.3865.120, chrome: {chromedriverVersion: 77.0.3865.40 (f484704e052e0..., userDataDir: C:\Users\abdul\AppData\Loca...}, goog:chromeOptions: {debuggerAddress: localhost:53811}, javascriptEnabled: true, networkConnectionEnabled: false, pageLoadStrategy: normal, platform: XP, platformName: XP, proxy: Proxy(), setWindowRect: true, strictFileInteractability: false, timeouts: {implicit: 0, pageLoad: 300000, script: 30000}, unhandledPromptBehavior: dismiss and notify}
Session ID: f1d817960d2d761c48983e24cb5aff79
*** Element info: {Using=link text, value=Logout}
at org.openqa.selenium.remote.http.W3CHttpResponseCodec.createException(W3CHttpResponseCodec.java:187)
at org.openqa.selenium.remote.http.W3CHttpResponseCodec.decode(W3CHttpResponseCodec.java:122)
at org.openqa.selenium.remote.http.W3CHttpResponseCodec.decode(W3CHttpResponseCodec.java:49)
at org.openqa.selenium.remote.HttpCommandExecutor.execute(HttpCommandExecutor.java:158)
at org.openqa.selenium.remote.service.DriverCommandExecutor.execute(DriverCommandExecutor.java:83)
at org.openqa.selenium.remote.RemoteWebDriver.execute(RemoteWebDriver.java:552)
at org.openqa.selenium.remote.RemoteWebDriver.findElement(RemoteWebDriver.java:323)
at org.openqa.selenium.remote.RemoteWebDriver.findElementByLinkText(RemoteWebDriver.java:380)
at org.openqa.selenium.By$ByLinkText.findElement(By.java:220)
at org.openqa.selenium.remote.RemoteWebDriver.findElement(RemoteWebDriver.java:315)
at com.euscold.db_data_comparision_with_ui.Inventory_Inquiry_Multiple_Prods.logout(Inventory_Inquiry_Multiple_Prods.java:494)
... Removed 28 stack frames]]>
    </failure>
  </testcase> <!-- @AfterTest logout -->
  <testcase name="excelCreation" time="0.05" classname="com.euscold.db_data_comparision_with_ui.Inventory_Inquiry_Multiple_Prods"/>
  <testcase name="Inv_Query" time="8.283" classname="com.euscold.db_data_comparision_with_ui.Inventory_Inquiry_Multiple_Prods"/>
  <testcase name="Inv_Query" time="6.906" classname="com.euscold.db_data_comparision_with_ui.Inventory_Inquiry_Multiple_Prods"/>
  <testcase name="Inv_Query" time="7.032" classname="com.euscold.db_data_comparision_with_ui.Inventory_Inquiry_Multiple_Prods"/>
  <testcase name="eUSCOLD_Login" time="32.685" classname="com.euscold.db_data_comparision_with_ui.Inventory_Inquiry_Multiple_Prods"/>
  <testcase name="Inventory" time="27.661" classname="com.euscold.db_data_comparision_with_ui.Inventory_Inquiry_Multiple_Prods"/>
  <testcase name="prod" time="44.957" classname="com.euscold.db_data_comparision_with_ui.Inventory_Inquiry_Multiple_Prods"/>
  <testcase name="prod" time="48.167" classname="com.euscold.db_data_comparision_with_ui.Inventory_Inquiry_Multiple_Prods"/>
  <testcase name="prod" time="0.023" classname="com.euscold.db_data_comparision_with_ui.Inventory_Inquiry_Multiple_Prods"/>
</testsuite> <!-- Inventory_Inquiry_Test -->
