<?xml version="1.0" encoding="UTF-8"?>
<!-- Generated by org.testng.reporters.JUnitXMLReporter -->
<testsuite hostname="DESKTOP-Q4BPVH9" ignored="0" name="Order_Inquiry_Test" tests="9" failures="0" timestamp="15 Oct 2019 11:27:43 GMT" time="161.323" errors="0">
  <testcase name="excelCreation" time="0.001" classname="com.euscold.db_data_comparision_with_ui.Order_Summary_Multiple_OrderNos"/>
  <testcase name="order_inq" time="3.328" classname="com.euscold.db_data_comparision_with_ui.Order_Summary_Multiple_OrderNos"/>
  <testcase name="order_inq" time="3.218" classname="com.euscold.db_data_comparision_with_ui.Order_Summary_Multiple_OrderNos"/>
  <testcase name="order_inq" time="3.187" classname="com.euscold.db_data_comparision_with_ui.Order_Summary_Multiple_OrderNos"/>
  <testcase name="eUSCOLD_Login" time="35.027" classname="com.euscold.db_data_comparision_with_ui.Order_Summary_Multiple_OrderNos"/>
  <testcase name="order_search" time="11.605" classname="com.euscold.db_data_comparision_with_ui.Order_Summary_Multiple_OrderNos"/>
  <testcase name="Ord_Summary" time="32.84" classname="com.euscold.db_data_comparision_with_ui.Order_Summary_Multiple_OrderNos"/>
  <testcase name="Ord_Summary" time="32.981" classname="com.euscold.db_data_comparision_with_ui.Order_Summary_Multiple_OrderNos"/>
  <testcase name="Ord_Summary" time="32.172" classname="com.euscold.db_data_comparision_with_ui.Order_Summary_Multiple_OrderNos"/>
</testsuite> <!-- Order_Inquiry_Test -->
